<?xml version="1.0" encoding="UTF-8"?>
<testsuite name="PlantCareApplication.LibraryTest" tests="1" skipped="0" failures="0" errors="0" timestamp="2022-01-06T19:46:46" hostname="Rajaas-MacBook-Pro.local" time="0.032">
  <properties/>
  <testcase name="someLibraryMethodReturnsTrue()" classname="PlantCareApplication.LibraryTest" time="0.032"/>
  <system-out><![CDATA[]]></system-out>
  <system-err><![CDATA[]]></system-err>
</testsuite>
